[14/Jun/2020:20:20:11] (I): WordPress Instance Info:
[14/Jun/2020:20:20:11] (I): Home URL : http://localhost/wordpress
[14/Jun/2020:20:20:11] (I): Site URL : http://localhost/wordpress
[14/Jun/2020:20:20:11] (I): WordPress Version : 5.4.2
[14/Jun/2020:20:20:11] (I): Onboarding Version : 1.0.1
[14/Jun/2020:20:20:11] (I): Multisite : No
[14/Jun/2020:20:20:11] (I): Server Info : Apache/2.4.43 (Win64) OpenSSL/1.1.1g PHP/7.4.5
[14/Jun/2020:20:20:11] (I): PHP Version : 7.4.5
[14/Jun/2020:20:20:11] (I): HTTPS : No
[14/Jun/2020:20:20:11] (I): PHP Max Execution Time : 120
[14/Jun/2020:20:20:11] (I): PHP Max Input Vars : 1000
[14/Jun/2020:20:20:11] (I): Max Upload Size : 41943040
[14/Jun/2020:20:20:11] (I): Plugins:
[14/Jun/2020:20:20:11] (I): [PLUGIN] Elementor : v2.9.12 (Elementor.com)
[14/Jun/2020:20:20:11] (I): [PLUGIN] Shortcodes Ultimate : v5.9.0 (Vladimir Anokhin)
[14/Jun/2020:20:20:11] (I): [PLUGIN] Orbit Fox Companion : v2.9.9 (Themeisle)
[14/Jun/2020:20:20:11] (P): Saving remote XML
[14/Jun/2020:20:20:11] (S): Saved remote XML at path C:\xampp\htdocs\wordpress/wp-content/uploads/themeisle-demo-import.xml.
[14/Jun/2020:20:20:11] (P): Starting content import...
[14/Jun/2020:20:20:11] (S): Import started.
[14/Jun/2020:20:20:11] (S): Parsing XML file.
[14/Jun/2020:20:20:11] (P): Starting parsing file:C:\xampp\htdocs\wordpress/wp-content/uploads/themeisle-demo-import.xml
[14/Jun/2020:20:20:11] (P): Using WXR_Parser_SimpleXML...
[14/Jun/2020:20:20:11] (S): Parsed XML
[14/Jun/2020:20:20:11] (P): Processing categories...
[14/Jun/2020:20:20:11] (S): Processed categories.
[14/Jun/2020:20:20:11] (P): Processing tags...
[14/Jun/2020:20:20:11] (S): No tags to process.
[14/Jun/2020:20:20:11] (P): Processing terms...
[14/Jun/2020:20:20:11] (S): Processed terms.
[14/Jun/2020:20:20:11] (P): Processing posts...
[14/Jun/2020:20:20:11] (P): Inserting custom_css: neve .
[14/Jun/2020:20:20:12] (S): Done inserting custom_css: neve .
[14/Jun/2020:20:20:12] (P): Inserting page: Home .
[14/Jun/2020:20:20:12] (S): Done inserting page: Home .
[14/Jun/2020:20:20:12] (P): Filtering elementor meta...
[14/Jun/2020:20:20:12] (S): Filtered elementor meta.
[14/Jun/2020:20:20:12] (P): Processing attachment: https://s33834.pcdn.co/freelancer/wp-content/uploads/sites/183/2019/09/neve-freelancer-01.jpg...
[14/Jun/2020:20:20:12] (P): Fetching attachment from url: https://s33834.pcdn.co/freelancer/wp-content/uploads/sites/183/2019/09/neve-freelancer-01.jpg...
[14/Jun/2020:20:20:13] (S): Fetched remote attachment.
[14/Jun/2020:20:20:13] (P): Inserting attachment...
[14/Jun/2020:20:20:13] (S): Attachment inserted
[14/Jun/2020:20:20:13] (S): Processed attachment.
[14/Jun/2020:20:20:13] (P): Processing attachment: https://s33834.pcdn.co/freelancer/wp-content/uploads/sites/183/2019/09/neve-freelancer-03.jpg...
[14/Jun/2020:20:20:13] (P): Fetching attachment from url: https://s33834.pcdn.co/freelancer/wp-content/uploads/sites/183/2019/09/neve-freelancer-03.jpg...
[14/Jun/2020:20:20:13] (S): Fetched remote attachment.
[14/Jun/2020:20:20:13] (P): Inserting attachment...
[14/Jun/2020:20:20:13] (S): Attachment inserted
[14/Jun/2020:20:20:13] (S): Processed attachment.
[14/Jun/2020:20:20:13] (P): Processing attachment: https://s33834.pcdn.co/freelancer/wp-content/uploads/sites/183/2019/09/neve-freelancer-05.jpg...
[14/Jun/2020:20:20:13] (P): Fetching attachment from url: https://s33834.pcdn.co/freelancer/wp-content/uploads/sites/183/2019/09/neve-freelancer-05.jpg...
[14/Jun/2020:20:20:14] (S): Fetched remote attachment.
[14/Jun/2020:20:20:14] (P): Inserting attachment...
[14/Jun/2020:20:20:14] (S): Attachment inserted
[14/Jun/2020:20:20:14] (S): Processed attachment.
[14/Jun/2020:20:20:14] (P): Processing attachment: https://s33834.pcdn.co/freelancer/wp-content/uploads/sites/183/2019/09/neve-freelancer-06.jpg...
[14/Jun/2020:20:20:14] (P): Fetching attachment from url: https://s33834.pcdn.co/freelancer/wp-content/uploads/sites/183/2019/09/neve-freelancer-06.jpg...
[14/Jun/2020:20:20:14] (S): Fetched remote attachment.
[14/Jun/2020:20:20:14] (P): Inserting attachment...
[14/Jun/2020:20:20:14] (S): Attachment inserted
[14/Jun/2020:20:20:14] (S): Processed attachment.
[14/Jun/2020:20:20:14] (P): Processing attachment: https://s33834.pcdn.co/freelancer/wp-content/uploads/sites/183/2019/09/neve-freelancer-08.jpg...
[14/Jun/2020:20:20:14] (P): Fetching attachment from url: https://s33834.pcdn.co/freelancer/wp-content/uploads/sites/183/2019/09/neve-freelancer-08.jpg...
[14/Jun/2020:20:20:15] (S): Fetched remote attachment.
[14/Jun/2020:20:20:15] (P): Inserting attachment...
[14/Jun/2020:20:20:15] (S): Attachment inserted
[14/Jun/2020:20:20:15] (S): Processed attachment.
[14/Jun/2020:20:20:15] (P): Processing attachment: https://s33834.pcdn.co/freelancer/wp-content/uploads/sites/183/2019/09/neve-freelancer-12.jpg...
[14/Jun/2020:20:20:15] (P): Fetching attachment from url: https://s33834.pcdn.co/freelancer/wp-content/uploads/sites/183/2019/09/neve-freelancer-12.jpg...
[14/Jun/2020:20:20:16] (S): Fetched remote attachment.
[14/Jun/2020:20:20:16] (P): Inserting attachment...
[14/Jun/2020:20:20:16] (S): Attachment inserted
[14/Jun/2020:20:20:16] (S): Processed attachment.
[14/Jun/2020:20:20:16] (P): Processing attachment: https://s33834.pcdn.co/freelancer/wp-content/uploads/sites/183/2019/09/neve-freelancer-13.jpg...
[14/Jun/2020:20:20:16] (P): Fetching attachment from url: https://s33834.pcdn.co/freelancer/wp-content/uploads/sites/183/2019/09/neve-freelancer-13.jpg...
[14/Jun/2020:20:20:17] (S): Fetched remote attachment.
[14/Jun/2020:20:20:17] (P): Inserting attachment...
[14/Jun/2020:20:20:17] (S): Attachment inserted
[14/Jun/2020:20:20:17] (S): Processed attachment.
[14/Jun/2020:20:20:17] (P): Processing attachment: https://s33834.pcdn.co/freelancer/wp-content/uploads/sites/183/2019/09/neve-freelancer-14.jpg...
[14/Jun/2020:20:20:17] (P): Fetching attachment from url: https://s33834.pcdn.co/freelancer/wp-content/uploads/sites/183/2019/09/neve-freelancer-14.jpg...
[14/Jun/2020:20:20:18] (S): Fetched remote attachment.
[14/Jun/2020:20:20:18] (P): Inserting attachment...
[14/Jun/2020:20:20:18] (S): Attachment inserted
[14/Jun/2020:20:20:18] (S): Processed attachment.
[14/Jun/2020:20:20:18] (P): Processing attachment: https://s33834.pcdn.co/freelancer/wp-content/uploads/sites/183/2019/09/neve-freelancer-15.jpg...
[14/Jun/2020:20:20:18] (P): Fetching attachment from url: https://s33834.pcdn.co/freelancer/wp-content/uploads/sites/183/2019/09/neve-freelancer-15.jpg...
[14/Jun/2020:20:20:19] (S): Fetched remote attachment.
[14/Jun/2020:20:20:19] (P): Inserting attachment...
[14/Jun/2020:20:20:19] (S): Attachment inserted
[14/Jun/2020:20:20:19] (S): Processed attachment.
[14/Jun/2020:20:20:19] (P): Processing single menu item ' '...
[14/Jun/2020:20:20:19] (P): Processing single menu item ' '...
[14/Jun/2020:20:20:19] (P): Processing single menu item ' '...
[14/Jun/2020:20:20:19] (P): Processing single menu item ' '...
[14/Jun/2020:20:20:19] (S): Processed single menu item.
[14/Jun/2020:20:20:19] (P): Processing attachment: https://s33834.pcdn.co/freelancer/wp-content/uploads/sites/183/2019/09/neve-freelancer-logo.png...
[14/Jun/2020:20:20:19] (P): Fetching attachment from url: https://s33834.pcdn.co/freelancer/wp-content/uploads/sites/183/2019/09/neve-freelancer-logo.png...
[14/Jun/2020:20:20:19] (S): Fetched remote attachment.
[14/Jun/2020:20:20:19] (P): Inserting attachment...
[14/Jun/2020:20:20:19] (S): Attachment inserted
[14/Jun/2020:20:20:19] (S): Processed attachment.
[14/Jun/2020:20:20:19] (P): Processing attachment: https://s33834.pcdn.co/freelancer/wp-content/uploads/sites/183/2019/09/neve-freelancer-icon.png...
[14/Jun/2020:20:20:19] (P): Fetching attachment from url: https://s33834.pcdn.co/freelancer/wp-content/uploads/sites/183/2019/09/neve-freelancer-icon.png...
[14/Jun/2020:20:20:19] (S): Fetched remote attachment.
[14/Jun/2020:20:20:19] (P): Inserting attachment...
[14/Jun/2020:20:20:19] (S): Attachment inserted
[14/Jun/2020:20:20:19] (S): Processed attachment.
[14/Jun/2020:20:20:19] (P): Processing attachment: https://s33834.pcdn.co/freelancer/wp-content/uploads/sites/183/2019/09/cropped-neve-freelancer-icon.png...
[14/Jun/2020:20:20:19] (P): Fetching attachment from url: https://s33834.pcdn.co/freelancer/wp-content/uploads/sites/183/2019/09/cropped-neve-freelancer-icon.png...
[14/Jun/2020:20:20:20] (S): Fetched remote attachment.
[14/Jun/2020:20:20:20] (P): Inserting attachment...
[14/Jun/2020:20:20:20] (S): Attachment inserted
[14/Jun/2020:20:20:20] (S): Processed attachment.
[14/Jun/2020:20:20:20] (P): Inserting page: About Me .
[14/Jun/2020:20:20:20] (S): Done inserting page: About Me .
[14/Jun/2020:20:20:20] (P): Filtering elementor meta...
[14/Jun/2020:20:20:20] (S): Filtered elementor meta.
[14/Jun/2020:20:20:20] (P): Inserting page: Contact .
[14/Jun/2020:20:20:20] (S): Done inserting page: Contact .
[14/Jun/2020:20:20:20] (P): Filtering elementor meta...
[14/Jun/2020:20:20:20] (S): Filtered elementor meta.
[14/Jun/2020:20:20:20] (P): Inserting page: Portfolio .
[14/Jun/2020:20:20:20] (S): Done inserting page: Portfolio .
[14/Jun/2020:20:20:20] (P): Filtering elementor meta...
[14/Jun/2020:20:20:20] (S): Filtered elementor meta.
[14/Jun/2020:20:20:20] (S): Processed posts.
[14/Jun/2020:20:20:20] (P): Processing single menu item ' '...
[14/Jun/2020:20:20:20] (S): Processed single menu item.
[14/Jun/2020:20:20:20] (P): Processing single menu item ' '...
[14/Jun/2020:20:20:20] (S): Processed single menu item.
[14/Jun/2020:20:20:20] (P): Processing single menu item ' '...
[14/Jun/2020:20:20:20] (S): Processed single menu item.
[14/Jun/2020:20:20:20] (P): Cleaning up import with id ...
[14/Jun/2020:20:20:20] (P): Done cleanup. Flushing cache...
[14/Jun/2020:20:20:20] (P): Flushed cache. Removing temporary data..
[14/Jun/2020:20:20:20] (S): Done importing
[14/Jun/2020:20:20:20] (P): Busting elementor cache
[14/Jun/2020:20:20:20] (S): Front page set up with id: 78.
